2018-Mar-21 14:11:01.929412 INFO [daemon] BoludoCoin v1.1.1.1()
2018-Mar-21 14:11:01.973615 INFO [daemon] Module folder: ./boludod
2018-Mar-21 14:11:01.974807 INFO [daemon] Initializing p2p server...
2018-Mar-21 14:11:01.975515 INFO [node_server] Binding on 0.0.0.0:17236
2018-Mar-21 14:11:01.975905 INFO [node_server] Net service binded on 0.0.0.0:17236
2018-Mar-21 14:11:01.976223 INFO [node_server] Attempting to add IGD port mapping.
2018-Mar-21 14:11:05.980713 INFO [node_server] No IGD was found.
2018-Mar-21 14:11:05.981252 INFO [daemon] P2p server initialized OK
2018-Mar-21 14:11:05.981786 INFO [daemon] Initializing core...
2018-Mar-21 14:11:05.983257 INFO [Blockchain] Blockchain not loaded, generating genesis block.
2018-Mar-21 14:11:06.026594 INFO [Blockchain] Blockchain initialized. last block: 0, d2086.h9.m11.s6 time ago, current difficulty: 1
2018-Mar-21 14:11:06.027095 INFO [daemon] Core initialized OK
2018-Mar-21 14:11:06.027954 INFO [daemon] Starting core rpc server on address 127.0.0.1:18236
2018-Mar-21 14:11:06.028533 INFO [daemon] Core rpc server started ok
2018-Mar-21 14:11:06.028896 INFO [daemon] Starting p2p net loop...
2018-Mar-21 14:11:06.029435 INFO [node_server] Starting node_server
2018-Mar-21 14:11:06.031703 INFO [protocol] 
2018-Mar-21 14:11:06.031703 INFO [protocol] **********************************************************************
2018-Mar-21 14:11:06.031703 INFO [protocol] You are now synchronized with the network. You may now start simplewallet.
2018-Mar-21 14:11:06.031703 INFO [protocol] 
2018-Mar-21 14:11:06.031703 INFO [protocol] Please note, that the blockchain will be saved only after you quit the daemon with "exit" command or if you use "save" command.
2018-Mar-21 14:11:06.031703 INFO [protocol] Otherwise, you will possibly need to synchronize the blockchain again.
2018-Mar-21 14:11:06.031703 INFO [protocol] 
2018-Mar-21 14:11:06.031703 INFO [protocol] Use "help" command to see the list of available commands.
2018-Mar-21 14:11:06.031703 INFO [protocol] **********************************************************************
2018-Mar-21 14:11:06.037071 INFO [core] 
2018-Mar-21 14:11:06.037071 INFO [core] **********************************************************************
2018-Mar-21 14:11:06.037071 INFO [core] The daemon will start synchronizing with the network. It may take up to several hours.
2018-Mar-21 14:11:06.037071 INFO [core] 
2018-Mar-21 14:11:06.037071 INFO [core] You can set the level of process detailization* through "set_log <level>" command*, where <level> is between 0 (no details) and 4 (very verbose).
2018-Mar-21 14:11:06.037071 INFO [core] 
2018-Mar-21 14:11:06.037071 INFO [core] Use "help" command to see the list of available commands.
2018-Mar-21 14:11:06.037071 INFO [core] 
2018-Mar-21 14:11:06.037071 INFO [core] Note: in case you need to interrupt the process, use "exit" command. Otherwise, the current progress won't be saved.
2018-Mar-21 14:11:06.037071 INFO [core] **********************************************************************
2018-Mar-21 14:11:26.005049 INFO [node_server] Stop signal sent
2018-Mar-21 14:11:26.005085 INFO [node_server] Stopping NodeServer and it's0 connections...
2018-Mar-21 14:11:26.006265 INFO [node_server] NodeServer loop stopped
2018-Mar-21 14:11:26.006717 INFO [daemon] p2p net loop stopped
2018-Mar-21 14:11:26.007262 INFO [daemon] Stopping core rpc server...
2018-Mar-21 14:11:26.007878 INFO [daemon] Deinitializing core...
2018-Mar-21 14:11:26.008276 INFO [miner] Mining has been stopped, 0 finished
2018-Mar-21 14:11:26.009394 INFO [Blockchain] Saving blockchain...
2018-Mar-21 14:11:26.010000 INFO [BlockCacheSerializer] - saving block index...
2018-Mar-21 14:11:26.010380 INFO [BlockCacheSerializer] - saving transaction map...
2018-Mar-21 14:11:26.010891 INFO [BlockCacheSerializer] - saving spent keys...
2018-Mar-21 14:11:26.011391 INFO [BlockCacheSerializer] - saving outputs...
2018-Mar-21 14:11:26.011898 INFO [BlockCacheSerializer] - saving multi-signature outputs...
2018-Mar-21 14:11:26.012396 INFO [BlockCacheSerializer] Serialization time: 2ms
2018-Mar-21 14:11:26.013039 INFO [Blockchain] Saving blockchain indices...
2018-Mar-21 14:11:26.013929 INFO [BlockchainIndicesSerializer] - saving paymentID index...
2018-Mar-21 14:11:26.014219 INFO [BlockchainIndicesSerializer] - saving timestamp index...
2018-Mar-21 14:11:26.014841 INFO [BlockchainIndicesSerializer] - saving generated transactions index...
2018-Mar-21 14:11:26.015480 INFO [daemon] Deinitializing p2p...
2018-Mar-21 14:11:26.016586 INFO [miner] Mining has been stopped, 0 finished
2018-Mar-21 14:11:26.046892 INFO [daemon] Node stopped.
2018-Mar-21 14:12:31.571262 INFO [daemon] BoludoCoin v1.1.1.1()
2018-Mar-21 14:12:31.571672 INFO [daemon] Module folder: ./boludod
2018-Mar-21 14:12:31.572037 INFO [daemon] Initializing p2p server...
2018-Mar-21 14:12:31.572400 INFO [node_server] Binding on 0.0.0.0:17236
2018-Mar-21 14:12:31.572663 INFO [node_server] Net service binded on 0.0.0.0:17236
2018-Mar-21 14:12:31.572820 INFO [node_server] Attempting to add IGD port mapping.
2018-Mar-21 14:12:35.575606 INFO [node_server] No IGD was found.
2018-Mar-21 14:12:35.575773 INFO [daemon] P2p server initialized OK
2018-Mar-21 14:12:35.575895 INFO [daemon] Initializing core...
2018-Mar-21 14:12:35.576300 INFO [Blockchain] Loading blockchain...
2018-Mar-21 14:12:35.576595 INFO [BlockCacheSerializer] - loading block index...
2018-Mar-21 14:12:35.576693 INFO [BlockCacheSerializer] - loading transaction map...
2018-Mar-21 14:12:35.576795 INFO [BlockCacheSerializer] - loading spent keys...
2018-Mar-21 14:12:35.576895 INFO [BlockCacheSerializer] - loading outputs...
2018-Mar-21 14:12:35.576998 INFO [BlockCacheSerializer] - loading multi-signature outputs...
2018-Mar-21 14:12:35.577093 INFO [BlockCacheSerializer] Serialization time: 0ms
2018-Mar-21 14:12:35.577217 INFO [Blockchain] Loading blockchain indices for BlockchainExplorer...
2018-Mar-21 14:12:35.577410 INFO [BlockchainIndicesSerializer] - loading paymentID index...
2018-Mar-21 14:12:35.577492 INFO [BlockchainIndicesSerializer] - loading timestamp index...
2018-Mar-21 14:12:35.577590 INFO [BlockchainIndicesSerializer] - loading generated transactions index...
2018-Mar-21 14:12:35.577768 INFO [Blockchain] Blockchain initialized. last block: 0, d2086.h9.m12.s35 time ago, current difficulty: 1
2018-Mar-21 14:12:35.577857 INFO [daemon] Core initialized OK
2018-Mar-21 14:12:35.578277 INFO [daemon] Starting core rpc server on address 127.0.0.1:18236
2018-Mar-21 14:12:35.578591 INFO [daemon] Core rpc server started ok
2018-Mar-21 14:12:35.578693 INFO [daemon] Starting p2p net loop...
2018-Mar-21 14:12:35.578790 INFO [node_server] Starting node_server
2018-Mar-21 14:12:35.580539 INFO [protocol] 
2018-Mar-21 14:12:35.580539 INFO [protocol] **********************************************************************
2018-Mar-21 14:12:35.580539 INFO [protocol] You are now synchronized with the network. You may now start simplewallet.
2018-Mar-21 14:12:35.580539 INFO [protocol] 
2018-Mar-21 14:12:35.580539 INFO [protocol] Please note, that the blockchain will be saved only after you quit the daemon with "exit" command or if you use "save" command.
2018-Mar-21 14:12:35.580539 INFO [protocol] Otherwise, you will possibly need to synchronize the blockchain again.
2018-Mar-21 14:12:35.580539 INFO [protocol] 
2018-Mar-21 14:12:35.580539 INFO [protocol] Use "help" command to see the list of available commands.
2018-Mar-21 14:12:35.580539 INFO [protocol] **********************************************************************
2018-Mar-21 14:12:35.581729 INFO [core] 
2018-Mar-21 14:12:35.581729 INFO [core] **********************************************************************
2018-Mar-21 14:12:35.581729 INFO [core] The daemon will start synchronizing with the network. It may take up to several hours.
2018-Mar-21 14:12:35.581729 INFO [core] 
2018-Mar-21 14:12:35.581729 INFO [core] You can set the level of process detailization* through "set_log <level>" command*, where <level> is between 0 (no details) and 4 (very verbose).
2018-Mar-21 14:12:35.581729 INFO [core] 
2018-Mar-21 14:12:35.581729 INFO [core] Use "help" command to see the list of available commands.
2018-Mar-21 14:12:35.581729 INFO [core] 
2018-Mar-21 14:12:35.581729 INFO [core] Note: in case you need to interrupt the process, use "exit" command. Otherwise, the current progress won't be saved.
2018-Mar-21 14:12:35.581729 INFO [core] **********************************************************************
2018-Mar-21 14:23:17.359094 INFO [node_server] Stop signal sent
2018-Mar-21 14:23:17.359132 INFO [node_server] Stopping NodeServer and it's0 connections...
2018-Mar-21 14:23:17.359592 INFO [node_server] NodeServer loop stopped
2018-Mar-21 14:23:17.359718 INFO [daemon] p2p net loop stopped
2018-Mar-21 14:23:17.359845 INFO [daemon] Stopping core rpc server...
2018-Mar-21 14:23:17.360022 INFO [daemon] Deinitializing core...
2018-Mar-21 14:23:17.360146 INFO [miner] Mining has been stopped, 0 finished
2018-Mar-21 14:23:17.360634 INFO [Blockchain] Saving blockchain...
2018-Mar-21 14:23:17.360934 INFO [BlockCacheSerializer] - saving block index...
2018-Mar-21 14:23:17.361076 INFO [BlockCacheSerializer] - saving transaction map...
2018-Mar-21 14:23:17.361183 INFO [BlockCacheSerializer] - saving spent keys...
2018-Mar-21 14:23:17.361283 INFO [BlockCacheSerializer] - saving outputs...
2018-Mar-21 14:23:17.361380 INFO [BlockCacheSerializer] - saving multi-signature outputs...
2018-Mar-21 14:23:17.361479 INFO [BlockCacheSerializer] Serialization time: 0ms
2018-Mar-21 14:23:17.361674 INFO [Blockchain] Saving blockchain indices...
2018-Mar-21 14:23:17.361910 INFO [BlockchainIndicesSerializer] - saving paymentID index...
2018-Mar-21 14:23:17.361989 INFO [BlockchainIndicesSerializer] - saving timestamp index...
2018-Mar-21 14:23:17.362100 INFO [BlockchainIndicesSerializer] - saving generated transactions index...
2018-Mar-21 14:23:17.362290 INFO [daemon] Deinitializing p2p...
2018-Mar-21 14:23:17.362689 INFO [miner] Mining has been stopped, 0 finished
2018-Mar-21 14:23:17.363366 INFO [daemon] Node stopped.
